15/08/2018 23:51:21 PagSeguro.br.com.uol.pagseguro.api.transaction.register.DirectPaymentRegisterResource[INFO]: Iniciando pagamento direto com boleto
15/08/2018 23:51:21 PagSeguro.br.com.uol.pagseguro.api.transaction.register.DirectPaymentRegisterResource[INFO]: Convertendo valores
15/08/2018 23:51:21 PagSeguro.br.com.uol.pagseguro.api.transaction.register.DirectPaymentRegisterResource[INFO]: Valores convertidos
15/08/2018 23:51:21 PagSeguro.br.com.uol.pagseguro.api.transaction.register.DirectPaymentRegisterResource[FINE]: Parametros: RequestMap{map={notificationURL=www.sualoja.com.br/notification, itemId1=1, shippingAddressState=SP, extraAmount=100.00, itemId2=2, shippingType=2, senderCPF=99999999999, reference=LIBJAVA_DIRECT_PAYMENT, senderName=Jose Comprador, senderHash=abc123, shippingAddressComplement=99o andar, senderEmail=comprador@uol.com.br, shippingAddressNumber=9999, currency=BRL, senderAreaCode=99, shippingAddressStreet=Av. PagSeguro, shippingAddressCity=Cidade Exemplo, itemQuantity1=1, itemWeight1=1000, itemWeight2=750, shippingCost=10.00, paymentMode=default, itemQuantity2=2, shippingAddressCountry=BRA, senderPhone=99999999, shippingAddressDistrict=Jardim Internet, itemDescription1=Produto PagSeguroI, itemDescription2=Produto PagSeguroII, paymentMethod=boleto, itemAmount1=99999.99, shippingAddressPostalCode=99999999, itemAmount2=99999.98}}
15/08/2018 23:51:21 PagSeguro.br.com.uol.pagseguro.api.http.AuthenticatedHttpClient[INFO]: Correlation Id: b8c76b16-e965-49a6-a11f-468896d25d71
15/08/2018 23:51:21 PagSeguro.br.com.uol.pagseguro.api.http.JSEHttpClient[INFO]: Executando [POST] em [https://ws.sandbox.pagseguro.uol.com.br/v2/transactions?email=tawan.gabriel10@gmail.com&token=ACE7A350820D4B4997F0E33526D2B34A&correlationId=b8c76b16-e965-49a6-a11f-468896d25d71]
15/08/2018 23:51:21 PagSeguro.br.com.uol.pagseguro.api.http.JSEHttpClient[INFO]: Abrindo conexao
15/08/2018 23:51:24 PagSeguro.br.com.uol.pagseguro.api.http.JSEHttpClient[INFO]: Escrevendo body
15/08/2018 23:51:28 PagSeguro.br.com.uol.pagseguro.api.http.JSEHttpClient[INFO]: Lendo resposta
15/08/2018 23:51:28 PagSeguro.br.com.uol.pagseguro.api.http.JSEHttpClient[INFO]: Fechando conexao
15/08/2018 23:51:28 PagSeguro.br.com.uol.pagseguro.api.transaction.register.DirectPaymentRegisterResource[FINE]: Resposta: HttpResponse{responseAsString='<?xml version="1.0" encoding="ISO-8859-1" standalone="yes"?><errors><error><code>53091</code><message>sender hash invalid.</message></error></errors>', status=400}
15/08/2018 23:51:28 PagSeguro.br.com.uol.pagseguro.api.transaction.register.DirectPaymentRegisterResource[INFO]: Parseando XML de resposta
16/08/2018 00:11:39 PagSeguro.br.com.uol.pagseguro.api.transaction.register.DirectPaymentRegisterResource[INFO]: Iniciando pagamento direto com boleto
16/08/2018 00:11:39 PagSeguro.br.com.uol.pagseguro.api.transaction.register.DirectPaymentRegisterResource[INFO]: Convertendo valores
16/08/2018 00:11:39 PagSeguro.br.com.uol.pagseguro.api.transaction.register.DirectPaymentRegisterResource[INFO]: Valores convertidos
16/08/2018 00:11:39 PagSeguro.br.com.uol.pagseguro.api.transaction.register.DirectPaymentRegisterResource[FINE]: Parametros: RequestMap{map={notificationURL=www.sualoja.com.br/notification, itemId1=1, shippingAddressState=SP, extraAmount=100.00, itemId2=2, shippingType=2, senderCPF=99999999999, reference=LIBJAVA_DIRECT_PAYMENT, senderName=Jose Comprador, senderHash=abc123, shippingAddressComplement=99o andar, senderEmail=comprador@uol.com.br, shippingAddressNumber=9999, currency=BRL, senderAreaCode=99, shippingAddressStreet=Av. PagSeguro, shippingAddressCity=Cidade Exemplo, itemQuantity1=1, itemWeight1=1000, itemWeight2=750, shippingCost=10.00, paymentMode=default, itemQuantity2=2, shippingAddressCountry=BRA, senderPhone=99999999, shippingAddressDistrict=Jardim Internet, itemDescription1=Produto PagSeguroI, itemDescription2=Produto PagSeguroII, paymentMethod=boleto, itemAmount1=99999.99, shippingAddressPostalCode=99999999, itemAmount2=99999.98}}
16/08/2018 00:11:39 PagSeguro.br.com.uol.pagseguro.api.http.AuthenticatedHttpClient[INFO]: Correlation Id: a4bf8112-8e46-4afc-a5b5-b1470dbf834b
16/08/2018 00:11:39 PagSeguro.br.com.uol.pagseguro.api.http.JSEHttpClient[INFO]: Executando [POST] em [https://ws.sandbox.pagseguro.uol.com.br/v2/transactions?email=tawan.gabriel10@gmail.com&token=ACE7A350820D4B4997F0E33526D2B34A&correlationId=a4bf8112-8e46-4afc-a5b5-b1470dbf834b]
16/08/2018 00:11:39 PagSeguro.br.com.uol.pagseguro.api.http.JSEHttpClient[INFO]: Abrindo conexao
16/08/2018 00:11:41 PagSeguro.br.com.uol.pagseguro.api.http.JSEHttpClient[INFO]: Escrevendo body
16/08/2018 00:11:44 PagSeguro.br.com.uol.pagseguro.api.http.JSEHttpClient[INFO]: Lendo resposta
16/08/2018 00:11:44 PagSeguro.br.com.uol.pagseguro.api.http.JSEHttpClient[INFO]: Fechando conexao
16/08/2018 00:11:44 PagSeguro.br.com.uol.pagseguro.api.transaction.register.DirectPaymentRegisterResource[FINE]: Resposta: HttpResponse{responseAsString='<?xml version="1.0" encoding="ISO-8859-1" standalone="yes"?><errors><error><code>53091</code><message>sender hash invalid.</message></error></errors>', status=400}
16/08/2018 00:11:44 PagSeguro.br.com.uol.pagseguro.api.transaction.register.DirectPaymentRegisterResource[INFO]: Parseando XML de resposta
16/08/2018 00:14:12 PagSeguro.br.com.uol.pagseguro.api.checkout.CheckoutsResource[INFO]: Iniciando checkout
16/08/2018 00:14:12 PagSeguro.br.com.uol.pagseguro.api.checkout.CheckoutsResource[INFO]: Convertendo valores
16/08/2018 00:14:12 PagSeguro.br.com.uol.pagseguro.api.checkout.CheckoutsResource[INFO]: Valores convertidos
16/08/2018 00:14:12 PagSeguro.br.com.uol.pagseguro.api.checkout.CheckoutsResource[FINE]: Parametros: RequestMap{map={itemId1=1, extraAmount=100.00, shippingAddressState=SP, itemId2=2, shippingType=2, paymentMethodConfigKey2_1=DISCOUNT_PERCENT, paymentMethodConfigKey3_1=MAX_INSTALLMENTS_LIMIT, paymentMethodConfigKey1_1=DISCOUNT_PERCENT, senderCPF=99999999999, reference=LIBJAVA_DIRECT_PAYMENT, senderName=Jose Comprador, shippingAddressComplement=99o andar, paymentMethodConfigKey4_1=MAX_INSTALLMENTS_NO_INTEREST, shippingAddressNumber=9999, senderEmail=comprador@uol.com.br, paymentMethodGroup4=CREDIT_CARD, currency=BRL, senderAreaCode=99, paymentMethodGroup1=CREDIT_CARD, shippingAddressStreet=Av. PagSeguro, paymentMethodGroup3=CREDIT_CARD, paymentMethodGroup2=BOLETO, shippingAddressCity=Cidade Exemplo, itemQuantity1=1, itemWeight1=1000, shippingCost=10.00, itemWeight2=750, itemQuantity2=2, acceptPaymentMethodGroup=BALANCE,BOLETO, shippingAddressCountry=BRA, senderPhone=99999999, shippingAddressDistrict=Jardim Internet, itemDescription1=Produto PagSeguroI, itemDescription2=Produto PagSeguroII, shippingAddressPostalCode=99999999, itemAmount1=99999.99, itemAmount2=99999.98, paymentMethodConfigValue1_1=10.00, paymentMethodConfigValue2_1=10.00, paymentMethodConfigValue3_1=10, paymentMethodConfigValue4_1=5}}
16/08/2018 00:14:12 PagSeguro.br.com.uol.pagseguro.api.http.AuthenticatedHttpClient[INFO]: Correlation Id: 04692df2-8377-4cfe-85c7-1379108d4026
16/08/2018 00:14:12 PagSeguro.br.com.uol.pagseguro.api.http.JSEHttpClient[INFO]: Executando [POST] em [https://ws.sandbox.pagseguro.uol.com.br/v2/checkout?email=tawan.gabriel10@gmail.com&token=ACE7A350820D4B4997F0E33526D2B34A&correlationId=04692df2-8377-4cfe-85c7-1379108d4026]
16/08/2018 00:14:12 PagSeguro.br.com.uol.pagseguro.api.http.JSEHttpClient[INFO]: Abrindo conexao
16/08/2018 00:14:12 PagSeguro.br.com.uol.pagseguro.api.http.JSEHttpClient[INFO]: Escrevendo body
16/08/2018 00:14:13 PagSeguro.br.com.uol.pagseguro.api.http.JSEHttpClient[INFO]: Lendo resposta
16/08/2018 00:14:13 PagSeguro.br.com.uol.pagseguro.api.http.JSEHttpClient[INFO]: Fechando conexao
16/08/2018 00:14:13 PagSeguro.br.com.uol.pagseguro.api.checkout.CheckoutsResource[FINE]: Resposta: HttpResponse{responseAsString='<?xml version="1.0" encoding="ISO-8859-1" standalone="yes"?><checkout><code>F3015374B4B47F3EE470DFB34E13A33A</code><date>2018-08-16T00:14:13.000-03:00</date></checkout>', status=200}
16/08/2018 00:14:13 PagSeguro.br.com.uol.pagseguro.api.checkout.CheckoutsResource[INFO]: Parseando XML de resposta
16/08/2018 00:14:13 PagSeguro.br.com.uol.pagseguro.api.checkout.CheckoutsResource[INFO]: Parseamento finalizado
16/08/2018 00:14:13 PagSeguro.br.com.uol.pagseguro.api.checkout.CheckoutsResource[INFO]: Checkout finalizado
16/08/2018 00:15:45 PagSeguro.br.com.uol.pagseguro.api.checkout.CheckoutsResource[INFO]: Iniciando checkout
16/08/2018 00:15:45 PagSeguro.br.com.uol.pagseguro.api.checkout.CheckoutsResource[INFO]: Convertendo valores
16/08/2018 00:15:45 PagSeguro.br.com.uol.pagseguro.api.checkout.CheckoutsResource[INFO]: Valores convertidos
16/08/2018 00:15:45 PagSeguro.br.com.uol.pagseguro.api.checkout.CheckoutsResource[FINE]: Parametros: RequestMap{map={itemId1=1, extraAmount=100.00, shippingAddressState=SP, itemId2=2, shippingType=2, paymentMethodConfigKey2_1=DISCOUNT_PERCENT, paymentMethodConfigKey3_1=MAX_INSTALLMENTS_LIMIT, paymentMethodConfigKey1_1=DISCOUNT_PERCENT, senderCPF=99999999999, reference=LIBJAVA_DIRECT_PAYMENT, senderName=Jose Comprador, shippingAddressComplement=99o andar, paymentMethodConfigKey4_1=MAX_INSTALLMENTS_NO_INTEREST, shippingAddressNumber=9999, senderEmail=comprador@uol.com.br, paymentMethodGroup4=CREDIT_CARD, currency=BRL, senderAreaCode=99, paymentMethodGroup1=CREDIT_CARD, shippingAddressStreet=Av. PagSeguro, paymentMethodGroup3=CREDIT_CARD, paymentMethodGroup2=BOLETO, shippingAddressCity=Cidade Exemplo, itemQuantity1=1, itemWeight1=1000, shippingCost=10.00, itemWeight2=750, itemQuantity2=2, acceptPaymentMethodGroup=BALANCE,BOLETO, shippingAddressCountry=BRA, senderPhone=99999999, shippingAddressDistrict=Jardim Internet, itemDescription1=Produto PagSeguroI, itemDescription2=Produto PagSeguroII, shippingAddressPostalCode=99999999, itemAmount1=99999.99, itemAmount2=99999.98, paymentMethodConfigValue1_1=10.00, paymentMethodConfigValue2_1=10.00, paymentMethodConfigValue3_1=10, paymentMethodConfigValue4_1=5}}
16/08/2018 00:15:45 PagSeguro.br.com.uol.pagseguro.api.http.AuthenticatedHttpClient[INFO]: Correlation Id: 77ca00ae-a76b-4728-b6a6-af8cd1e27648
16/08/2018 00:15:45 PagSeguro.br.com.uol.pagseguro.api.http.JSEHttpClient[INFO]: Executando [POST] em [https://ws.sandbox.pagseguro.uol.com.br/v2/checkout?email=tawan.gabriel10@gmail.com&token=ACE7A350820D4B4997F0E33526D2B34A&correlationId=77ca00ae-a76b-4728-b6a6-af8cd1e27648]
16/08/2018 00:15:45 PagSeguro.br.com.uol.pagseguro.api.http.JSEHttpClient[INFO]: Abrindo conexao
16/08/2018 00:15:48 PagSeguro.br.com.uol.pagseguro.api.http.JSEHttpClient[INFO]: Escrevendo body
16/08/2018 00:15:50 PagSeguro.br.com.uol.pagseguro.api.http.JSEHttpClient[INFO]: Lendo resposta
16/08/2018 00:15:50 PagSeguro.br.com.uol.pagseguro.api.http.JSEHttpClient[INFO]: Fechando conexao
16/08/2018 00:15:50 PagSeguro.br.com.uol.pagseguro.api.checkout.CheckoutsResource[FINE]: Resposta: HttpResponse{responseAsString='<?xml version="1.0" encoding="ISO-8859-1" standalone="yes"?><checkout><code>6ED9F8D1F8F8927BB4627F9775E96056</code><date>2018-08-16T00:15:50.000-03:00</date></checkout>', status=200}
16/08/2018 00:15:50 PagSeguro.br.com.uol.pagseguro.api.checkout.CheckoutsResource[INFO]: Parseando XML de resposta
16/08/2018 00:15:51 PagSeguro.br.com.uol.pagseguro.api.checkout.CheckoutsResource[INFO]: Parseamento finalizado
16/08/2018 00:15:51 PagSeguro.br.com.uol.pagseguro.api.checkout.CheckoutsResource[INFO]: Checkout finalizado
16/08/2018 00:27:17 PagSeguro.br.com.uol.pagseguro.api.checkout.CheckoutsResource[INFO]: Iniciando checkout
16/08/2018 00:27:17 PagSeguro.br.com.uol.pagseguro.api.checkout.CheckoutsResource[INFO]: Convertendo valores
16/08/2018 00:27:17 PagSeguro.br.com.uol.pagseguro.api.checkout.CheckoutsResource[INFO]: Valores convertidos
16/08/2018 00:27:17 PagSeguro.br.com.uol.pagseguro.api.checkout.CheckoutsResource[FINE]: Parametros: RequestMap{map={itemId1=1, extraAmount=100.00, shippingAddressState=SP, itemId2=2, shippingType=2, paymentMethodConfigKey2_1=DISCOUNT_PERCENT, paymentMethodConfigKey3_1=MAX_INSTALLMENTS_LIMIT, paymentMethodConfigKey1_1=DISCOUNT_PERCENT, senderCPF=99999999999, reference=LIBJAVA_DIRECT_PAYMENT, senderName=Jose Comprador, shippingAddressComplement=99o andar, paymentMethodConfigKey4_1=MAX_INSTALLMENTS_NO_INTEREST, shippingAddressNumber=9999, senderEmail=comprador@uol.com.br, paymentMethodGroup4=CREDIT_CARD, currency=BRL, senderAreaCode=99, paymentMethodGroup1=CREDIT_CARD, shippingAddressStreet=Av. PagSeguro, paymentMethodGroup3=CREDIT_CARD, paymentMethodGroup2=BOLETO, shippingAddressCity=Cidade Exemplo, itemQuantity1=1, itemWeight1=1000, shippingCost=10.00, itemWeight2=750, itemQuantity2=2, acceptPaymentMethodGroup=BALANCE,BOLETO,CREDIT_CARD,DEPOSIT,EFT, shippingAddressCountry=BRA, senderPhone=99999999, shippingAddressDistrict=Jardim Internet, itemDescription1=Produto PagSeguroI, itemDescription2=Produto PagSeguroII, shippingAddressPostalCode=99999999, itemAmount1=99999.99, itemAmount2=99999.98, paymentMethodConfigValue1_1=10.00, paymentMethodConfigValue2_1=10.00, paymentMethodConfigValue3_1=10, paymentMethodConfigValue4_1=5}}
16/08/2018 00:27:17 PagSeguro.br.com.uol.pagseguro.api.http.AuthenticatedHttpClient[INFO]: Correlation Id: 0d0fb514-1a39-452c-a42c-cd62cd3a7bcb
16/08/2018 00:27:17 PagSeguro.br.com.uol.pagseguro.api.http.JSEHttpClient[INFO]: Executando [POST] em [https://ws.sandbox.pagseguro.uol.com.br/v2/checkout?email=tawan.gabriel10@gmail.com&token=ACE7A350820D4B4997F0E33526D2B34A&correlationId=0d0fb514-1a39-452c-a42c-cd62cd3a7bcb]
16/08/2018 00:27:17 PagSeguro.br.com.uol.pagseguro.api.http.JSEHttpClient[INFO]: Abrindo conexao
16/08/2018 00:27:18 PagSeguro.br.com.uol.pagseguro.api.http.JSEHttpClient[INFO]: Escrevendo body
16/08/2018 00:27:19 PagSeguro.br.com.uol.pagseguro.api.http.JSEHttpClient[INFO]: Lendo resposta
16/08/2018 00:27:19 PagSeguro.br.com.uol.pagseguro.api.http.JSEHttpClient[INFO]: Fechando conexao
16/08/2018 00:27:19 PagSeguro.br.com.uol.pagseguro.api.checkout.CheckoutsResource[FINE]: Resposta: HttpResponse{responseAsString='<?xml version="1.0" encoding="ISO-8859-1" standalone="yes"?><checkout><code>F28DB7E51717B1CBB47D7F98F23265F3</code><date>2018-08-16T00:27:19.000-03:00</date></checkout>', status=200}
16/08/2018 00:27:19 PagSeguro.br.com.uol.pagseguro.api.checkout.CheckoutsResource[INFO]: Parseando XML de resposta
16/08/2018 00:27:19 PagSeguro.br.com.uol.pagseguro.api.checkout.CheckoutsResource[INFO]: Parseamento finalizado
16/08/2018 00:27:19 PagSeguro.br.com.uol.pagseguro.api.checkout.CheckoutsResource[INFO]: Checkout finalizado
